<?xml version="1.0" encoding="UTF-8"?>
<!-- Generated by org.testng.reporters.JUnitReportReporter -->
<testsuite hostname="LT0055527" failures="0" tests="4" name="enterprise.mobility.Cls_LandingPageRedirectionAndValidationTest" time="52.263" errors="0" timestamp="2020-12-08T18:04:03 IST" skipped="0">
  <testcase classname="enterprise.mobility.Cls_LandingPageRedirectionAndValidationTest" name="LocationIDSearch" time="21.551"/>
  <system-out/>
  <testcase classname="enterprise.mobility.Cls_LandingPageRedirectionAndValidationTest" name="OIMAuthentication" time="25.857"/>
  <system-out/>
  <testcase classname="enterprise.mobility.Cls_LandingPageRedirectionAndValidationTest" name="SelectingCAFType" time="1.817"/>
  <system-out/>
  <testcase classname="enterprise.mobility.Cls_LandingPageRedirectionAndValidationTest" name="CAFOptionSearch" time="3.038"/>
  <system-out/>
</testsuite> <!-- enterprise.mobility.Cls_LandingPageRedirectionAndValidationTest -->
